<?xml version="1.0" encoding="UTF-8"?>
<!-- Generated by org.testng.reporters.JUnitReportReporter -->
<testsuite skipped="0" hostname="AMAC02DTA6PML7H" name="eci.qa.planes_prueba.login.TestLogin" tests="7" failures="0" timestamp="28 Feb 2022 17:12:07 GMT" time="611.675" errors="0">
  <testcase name="TC1801551" time="65.252" classname="eci.qa.planes_prueba.login.TestLogin"/>
  <testcase name="TC1801514" time="66.236" classname="eci.qa.planes_prueba.login.TestLogin"/>
  <testcase name="TC1799970" time="78.661" classname="eci.qa.planes_prueba.login.TestLogin"/>
  <testcase name="TC1801563" time="54.706" classname="eci.qa.planes_prueba.login.TestLogin"/>
  <testcase name="TC1801384" time="217.436" classname="eci.qa.planes_prueba.login.TestLogin"/>
  <testcase name="TC1801504" time="61.330" classname="eci.qa.planes_prueba.login.TestLogin"/>
  <testcase name="TC1802108" time="68.054" classname="eci.qa.planes_prueba.login.TestLogin"/>
</testsuite> <!-- eci.qa.planes_prueba.login.TestLogin -->
