<?xml version="1.0" encoding="UTF-8"?>
<!-- Generated by org.testng.reporters.JUnitReportReporter -->
<testsuite skipped="0" hostname="AMAC02DTA6PML7H" name="eci.qa.planes_prueba.TestsPerfil" tests="6" failures="0" timestamp="03 Mar 2022 15:29:01 GMT" time="309.618" errors="0">
  <testcase name="TC1807973" time="54.006" classname="eci.qa.planes_prueba.TestsPerfil"/>
  <testcase name="TC1807978" time="53.790" classname="eci.qa.planes_prueba.TestsPerfil"/>
  <testcase name="TC1807977" time="55.280" classname="eci.qa.planes_prueba.TestsPerfil"/>
  <testcase name="TC1807970" time="47.584" classname="eci.qa.planes_prueba.TestsPerfil"/>
  <testcase name="TC1808158" time="51.790" classname="eci.qa.planes_prueba.TestsPerfil"/>
  <testcase name="TC1807984" time="47.168" classname="eci.qa.planes_prueba.TestsPerfil"/>
</testsuite> <!-- eci.qa.planes_prueba.TestsPerfil -->
