<?xml version="1.0" encoding="UTF-8"?>
<!-- Generated by org.testng.reporters.JUnitReportReporter -->
<testsuite skipped="0" hostname="AMAC02DTA6PML7H" name="eci.qa.planes_prueba.TestsSearch" tests="1" failures="0" timestamp="2022-03-15T13:07:42 CET" time="120.715" errors="0">
  <testcase name="TC1804009" time="120.715" classname="eci.qa.planes_prueba.TestsSearch"/>
  <system-out/>
</testsuite> <!-- eci.qa.planes_prueba.TestsSearch -->
