<?xml version="1.0" encoding="UTF-8"?>
<!-- Generated by org.testng.reporters.JUnitReportReporter -->
<testsuite skipped="0" hostname="AMAC02DTA6PML7H" name="eci.qa.planes_prueba.TestsLogin" tests="1" failures="0" timestamp="2022-06-27T17:12:25 CEST" time="107.054" errors="0">
  <testcase name="TC1799970" time="107.054" classname="eci.qa.planes_prueba.TestsLogin"/>
  <system-out/>
</testsuite> <!-- eci.qa.planes_prueba.TestsLogin -->
