<?xml version="1.0" encoding="UTF-8"?>
<!-- Generated by org.testng.reporters.JUnitReportReporter -->
<testsuite skipped="0" hostname="AMAC02DTA6PML7H" name="eci.qa.planes_prueba.TestsCart" tests="1" failures="0" timestamp="2022-03-24T17:13:40 CET" time="119.947" errors="0">
  <testcase name="TC1836349" time="119.947" classname="eci.qa.planes_prueba.TestsCart"/>
  <system-out/>
</testsuite> <!-- eci.qa.planes_prueba.TestsCart -->
